{"/Users/mkeita/www/sls-common-tools/dist/lib/log.js":{"path":"/Users/mkeita/www/sls-common-tools/dist/lib/log.js","s":{"1":1,"2":1,"3":1,"4":1},"b":{"1":[0,1],"2":[1,1,1]},"f":{},"fnMap":{},"statementMap":{"1":{"start":{"line":2,"column":0},"end":{"line":2,"column":62}},"2":{"start":{"line":3,"column":0},"end":{"line":3,"column":29}},"3":{"start":{"line":4,"column":0},"end":{"line":4,"column":49}},"4":{"start":{"line":5,"column":0},"end":{"line":12,"column":3}}},"branchMap":{"1":{"line":7,"type":"cond-expr","locations":[{"start":{"line":10,"column":10},"end":{"line":10,"column":17}},{"start":{"line":11,"column":10},"end":{"line":11,"column":16}}]},"2":{"line":7,"type":"binary-expr","locations":[{"start":{"line":7,"column":11},"end":{"line":7,"column":28}},{"start":{"line":8,"column":8},"end":{"line":8,"column":30}},{"start":{"line":9,"column":8},"end":{"line":9,"column":43}}]}}},"/Users/mkeita/www/sls-common-tools/dist/lib/service-info.js":{"path":"/Users/mkeita/www/sls-common-tools/dist/lib/service-info.js","s":{"1":1,"2":1,"3":1,"4":1},"b":{},"f":{},"fnMap":{},"statementMap":{"1":{"start":{"line":2,"column":0},"end":{"line":2,"column":7}},"2":{"start":{"line":3,"column":0},"end":{"line":3,"column":62}},"3":{"start":{"line":4,"column":0},"end":{"line":4,"column":29}},"4":{"start":{"line":5,"column":0},"end":{"line":5,"column":109}}},"branchMap":{}}}