TN:
SF:/Users/mkeita/www/sls-common-tools/lib/event.utilities.ts
FN:4,(anonymous_0)
FNF:1
FNH:1
FNDA:2,(anonymous_0)
DA:1,1
DA:2,1
DA:4,1
DA:5,2
DA:6,2
DA:10,2
DA:11,2
DA:12,2
DA:13,2
DA:14,2
DA:16,2
DA:31,2
LF:12
LH:12
BRDA:32,0,0,1
BRDA:32,0,1,1
BRF:2
BRH:2
end_of_record
TN:
SF:/Users/mkeita/www/sls-common-tools/lib/log.utilities.ts
FNF:0
FNH:0
DA:1,1
DA:2,1
DA:3,1
DA:5,1
LF:4
LH:4
BRDA:9,0,0,0
BRDA:9,0,1,1
BRDA:8,1,0,1
BRDA:8,1,1,1
BRDA:8,1,2,1
BRF:5
BRH:4
end_of_record
TN:
SF:/Users/mkeita/www/sls-common-tools/lib/response.utilities.ts
FN:8,(anonymous_0)
FNF:1
FNH:1
FNDA:4,(anonymous_0)
DA:1,1
DA:3,1
DA:8,1
DA:12,4
DA:13,4
DA:14,4
DA:15,3
DA:17,3
DA:23,1
DA:24,1
LF:10
LH:10
BRDA:12,0,0,4
BRDA:12,0,1,2
BRDA:12,0,2,3
BRDA:19,1,0,3
BRDA:19,1,1,1
BRF:5
BRH:5
end_of_record
