TN:
SF:/Users/mkeita/www/sls-common-tools/lib/log.ts
FNF:0
FNH:0
DA:1,1
DA:3,1
DA:5,1
LF:3
LH:3
BRDA:11,0,0,0
BRDA:11,0,1,1
BRDA:8,1,0,1
BRDA:8,1,1,1
BRDA:8,1,2,1
BRF:5
BRH:4
end_of_record
TN:
SF:/Users/mkeita/www/sls-common-tools/lib/response.ts
FN:8,(anonymous_0)
FNF:1
FNH:1
FNDA:4,(anonymous_0)
DA:1,1
DA:3,1
DA:8,1
DA:9,4
DA:10,4
DA:11,4
DA:12,3
DA:14,3
DA:20,1
DA:21,1
LF:10
LH:10
BRDA:9,0,0,4
BRDA:9,0,1,2
BRDA:9,0,2,3
BRDA:16,1,0,3
BRDA:16,1,1,1
BRF:5
BRH:5
end_of_record
TN:
SF:/Users/mkeita/www/sls-common-tools/lib/service-info.ts
FNF:0
FNH:0
DA:1,1
DA:2,1
LF:2
LH:2
BRF:0
BRH:0
end_of_record
